<?xml version="1.0" encoding="UTF-8"?>
<!-- Generated by org.testng.reporters.JUnitReportReporter -->
<testsuite hostname="DESKTOP-T1BHBE0" failures="0" tests="5" name="com.mycompany.vjezba2.CRC32NGTest" time="0.000" errors="0" timestamp="6 Nov 2019 11:24:52 GMT">
  <testcase classname="com.mycompany.vjezba2.CRC32NGTest" name="testUpdate_3args" time="0.000"/>
  <testcase classname="com.mycompany.vjezba2.CRC32NGTest" name="testReset" time="0.000"/>
  <testcase classname="com.mycompany.vjezba2.CRC32NGTest" name="testUpdate_byteArr" time="0.000"/>
  <testcase classname="com.mycompany.vjezba2.CRC32NGTest" name="testGetValue" time="0.000"/>
  <testcase classname="com.mycompany.vjezba2.CRC32NGTest" name="testUpdate_int" time="0.000"/>
</testsuite> <!-- com.mycompany.vjezba2.CRC32NGTest -->
