<?xml version="1.0" encoding="UTF-8"?>
<!-- Generated by org.testng.reporters.JUnitReportReporter -->
<testsuite hostname="DESKTOP-T1BHBE0" failures="0" tests="5" name="com.mycompany.vjezba2.myCRC32NGTest" time="0.010" errors="0" timestamp="8 Nov 2019 13:36:58 GMT">
  <testcase classname="com.mycompany.vjezba2.myCRC32NGTest" name="testReset" time="0.000"/>
  <testcase classname="com.mycompany.vjezba2.myCRC32NGTest" name="testUpdate_int" time="0.000"/>
  <testcase classname="com.mycompany.vjezba2.myCRC32NGTest" name="testUpdate_3args" time="0.000"/>
  <testcase classname="com.mycompany.vjezba2.myCRC32NGTest" name="testGetValue" time="0.010"/>
  <testcase classname="com.mycompany.vjezba2.myCRC32NGTest" name="testUpdate_byteArr" time="0.000"/>
</testsuite> <!-- com.mycompany.vjezba2.myCRC32NGTest -->
